<?xml version="1.0" encoding="UTF-8"?>
<!-- Generated by org.testng.reporters.JUnitXMLReporter -->
<testsuite ignored="0" hostname="DESKTOP-74B00N1" failures="0" tests="5" name="Test" time="1.692" errors="0" timestamp="2020-07-28T13:12:23 EET">
  <testcase classname="test.RestAssured.Parameterization" name="test2" time="1.539"/>
  <testcase classname="test.RestAssured.Parameterization" name="test4" time="0.034"/>
  <testcase classname="test.RestAssured.Parameterization" name="test5" time="0.026"/>
  <testcase classname="test.RestAssured.Parameterization" name="test5" time="0.025"/>
  <testcase classname="test.RestAssured.Parameterization" name="test5" time="0.021"/>
</testsuite> <!-- Test -->
